<?xml version="1.0" encoding="UTF-8"?>
<!-- Generated by org.testng.reporters.JUnitReportReporter -->
<testsuite skipped="0" hostname="LAPTOP-QCINE28I" name="refresher.webservices.RestfulAPI.WeatherAPIGetRequests" tests="2" failures="0" timestamp="08 Nov 2017 19:15:08 GMT" time="4.874" errors="0">
  <testcase name="Test01" time="4.396" classname="refresher.webservices.RestfulAPI.WeatherAPIGetRequests"/>
  <testcase name="Test02" time="0.478" classname="refresher.webservices.RestfulAPI.WeatherAPIGetRequests"/>
</testsuite> <!-- refresher.webservices.RestfulAPI.WeatherAPIGetRequests -->
