<?xml version="1.0" encoding="UTF-8"?>
<!-- Generated by org.testng.reporters.JUnitReportReporter -->
<testsuite skipped="0" hostname="LAPTOP-QCINE28I" name="refresher.webservices.RestfulAPI.APIParametersAuthorization" tests="3" failures="0" timestamp="08 Nov 2017 20:09:33 GMT" time="4.916" errors="0">
  <testcase name="Test01" time="4.081" classname="refresher.webservices.RestfulAPI.APIParametersAuthorization"/>
  <testcase name="Test03" time="0.332" classname="refresher.webservices.RestfulAPI.APIParametersAuthorization"/>
  <testcase name="Test02" time="0.503" classname="refresher.webservices.RestfulAPI.APIParametersAuthorization"/>
</testsuite> <!-- refresher.webservices.RestfulAPI.APIParametersAuthorization -->
