<?xml version="1.0" encoding="UTF-8"?>
<!-- Generated by org.testng.reporters.JUnitReportReporter -->
<testsuite skipped="0" hostname="LAPTOP-QCINE28I" name="refresher.webservices.RestfulAPI.JSONPathCalc" tests="1" failures="0" timestamp="08 Nov 2017 21:17:55 GMT" time="5.545" errors="0">
  <testcase name="test01" time="5.545" classname="refresher.webservices.RestfulAPI.JSONPathCalc"/>
</testsuite> <!-- refresher.webservices.RestfulAPI.JSONPathCalc -->
