<?xml version="1.0" encoding="UTF-8"?>
<!-- Generated by org.testng.reporters.JUnitReportReporter -->
<testsuite skipped="0" hostname="LAPTOP-QCINE28I" name="testPackageDemo.TestDemo" tests="1" failures="0" timestamp="15 Oct 2017 19:00:20 GMT" time="0.016" errors="0">
  <testcase name="testStDemo" time="0.016" classname="testPackageDemo.TestDemo"/>
</testsuite> <!-- testPackageDemo.TestDemo -->
