<?xml version="1.0" encoding="UTF-8"?>
<!-- Generated by org.testng.reporters.JUnitReportReporter -->
<testsuite skipped="0" hostname="LAPTOP-QCINE28I" name="testPackage.TestDemo" tests="1" failures="0" timestamp="15 Oct 2017 18:38:11 GMT" time="0.023" errors="0">
  <testcase name="printStatementTest" time="0.023" classname="testPackage.TestDemo"/>
</testsuite> <!-- testPackage.TestDemo -->
