<?xml version="1.0" encoding="UTF-8"?>
<!-- Generated by org.testng.reporters.JUnitReportReporter -->
<testsuite skipped="0" hostname="LAPTOP-QCINE28I" name="refresher.com.refresherMaven.DemoTestNGmaven" tests="1" failures="0" timestamp="14 Oct 2017 19:06:49 GMT" time="0.020" errors="0">
  <testcase name="test1" time="0.020" classname="refresher.com.refresherMaven.DemoTestNGmaven"/>
</testsuite> <!-- refresher.com.refresherMaven.DemoTestNGmaven -->
