<?xml version="1.0" encoding="UTF-8"?>
<!-- Generated by org.testng.reporters.JUnitReportReporter -->
<testsuite skipped="0" hostname="LAPTOP-QCINE28I" name="com.orange.login_page.GroupDemoMVN" tests="2" failures="0" timestamp="24 Sep 2017 19:09:31 GMT" time="0.067" errors="0">
  <testcase name="mitsubishiTest" time="0.064" classname="com.orange.login_page.GroupDemoMVN"/>
  <testcase name="hondaTest" time="0.003" classname="com.orange.login_page.GroupDemoMVN"/>
</testsuite> <!-- com.orange.login_page.GroupDemoMVN -->
