<?xml version="1.0" encoding="UTF-8"?>
<!-- Generated by org.testng.reporters.JUnitReportReporter -->
<testsuite skipped="0" hostname="LAPTOP-QCINE28I" name="testingSites.AnnotationsTestNG" tests="2" failures="0" timestamp="27 Oct 2017 19:51:36 GMT" time="0.043" errors="0">
  <testcase name="test1" time="0.032" classname="testingSites.AnnotationsTestNG"/>
  <testcase name="test2" time="0.011" classname="testingSites.AnnotationsTestNG"/>
</testsuite> <!-- testingSites.AnnotationsTestNG -->
