<?xml version="1.0" encoding="UTF-8"?>
<!-- Generated by org.testng.reporters.JUnitReportReporter -->
<testsuite skipped="0" hostname="LAPTOP-QCINE28I" name="testingSites.ParallelBrowser" tests="2" failures="0" timestamp="17 Sep 2017 19:23:44 GMT" time="136.931" errors="0">
  <testcase name="verifyTitle" time="66.060" classname="testingSites.ParallelBrowser"/>
  <testcase name="verifyTitle" time="70.871" classname="testingSites.ParallelBrowser"/>
</testsuite> <!-- testingSites.ParallelBrowser -->
