<?xml version="1.0" encoding="UTF-8"?>
<!-- Generated by org.testng.reporters.JUnitReportReporter -->
<testsuite skipped="0" hostname="LAPTOP-QCINE28I" name="testGroupings.GroupDemo" tests="2" failures="0" timestamp="19 Sep 2017 22:45:13 GMT" time="0.026" errors="0">
  <testcase name="hondaTest" time="0.010" classname="testGroupings.GroupDemo"/>
  <testcase name="mitsubishiTest" time="0.016" classname="testGroupings.GroupDemo"/>
</testsuite> <!-- testGroupings.GroupDemo -->
