<?xml version="1.0" encoding="UTF-8"?>
<!-- Generated by org.testng.reporters.JUnitReportReporter -->
<testsuite skipped="1" hostname="LAPTOP-QCINE28I" name="priortization.TestNG_Priority" tests="4" failures="0" timestamp="16 Sep 2017 16:11:48 GMT" time="0.342" errors="0">
  <testcase name="testMethod3" time="0.000" classname="priortization.TestNG_Priority"/>
  <testcase name="testMethod4" time="0.342" classname="priortization.TestNG_Priority"/>
  <testcase name="testMethod1" time="0.000" classname="priortization.TestNG_Priority"/>
  <testcase name="testMethod2" classname="priortization.TestNG_Priority">
    <skipped/>
  </testcase> <!-- testMethod2 -->
</testsuite> <!-- priortization.TestNG_Priority -->
