<?xml version="1.0" encoding="UTF-8"?>
<!-- Generated by org.testng.reporters.JUnitReportReporter -->
<testsuite skipped="0" hostname="LAPTOP-QCINE28I" name="testNGscripts.ITestListenerDemoCase" tests="1" failures="0" timestamp="14 Oct 2017 05:18:03 GMT" time="9.868" errors="0">
  <testcase name="googleTileVerify" time="9.868" classname="testNGscripts.ITestListenerDemoCase"/>
</testsuite> <!-- testNGscripts.ITestListenerDemoCase -->
