<?xml version="1.0" encoding="UTF-8"?>
<!-- Generated by org.testng.reporters.JUnitReportReporter -->
<testsuite skipped="0" hostname="LAPTOP-QCINE28I" name="DataDrivenFrameDemo.OrangeLogin" tests="3" failures="0" timestamp="14 Oct 2017 18:29:12 GMT" time="45.240" errors="0">
  <testcase name="loginOrangeSite" time="18.371" classname="DataDrivenFrameDemo.OrangeLogin"/>
  <testcase name="loginOrangeSite" time="13.019" classname="DataDrivenFrameDemo.OrangeLogin"/>
  <testcase name="loginOrangeSite" time="13.850" classname="DataDrivenFrameDemo.OrangeLogin"/>
</testsuite> <!-- DataDrivenFrameDemo.OrangeLogin -->
