<?xml version="1.0" encoding="UTF-8"?>
<!-- Generated by org.testng.reporters.JUnitReportReporter -->
<testsuite skipped="0" hostname="LAPTOP-QCINE28I" name="testNGscripts.IntroTestNG" tests="3" failures="0" timestamp="14 Oct 2017 04:02:43 GMT" time="0.025" errors="0">
  <testcase name="test3" time="0.019" classname="testNGscripts.IntroTestNG"/>
  <testcase name="test2" time="0.003" classname="testNGscripts.IntroTestNG"/>
  <testcase name="test1" time="0.003" classname="testNGscripts.IntroTestNG"/>
</testsuite> <!-- testNGscripts.IntroTestNG -->
