<?xml version="1.0" encoding="UTF-8"?>
<!-- Generated by org.testng.reporters.JUnitReportReporter -->
<testsuite skipped="0" hostname="LAPTOP-QCINE28I" name="seleniumScripts.AlertsDemo" tests="1" failures="0" timestamp="12 Oct 2017 20:15:49 GMT" time="36.585" errors="0">
  <testcase name="handleAlerts" time="36.585" classname="seleniumScripts.AlertsDemo"/>
</testsuite> <!-- seleniumScripts.AlertsDemo -->
