<?xml version="1.0" encoding="UTF-8"?>
<!-- Generated by org.testng.reporters.JUnitReportReporter -->
<testsuite skipped="0" hostname="LAPTOP-QCINE28I" name="pomPageFactory.TestVerifyLogin" tests="1" failures="0" timestamp="14 Oct 2017 03:47:45 GMT" time="25.536" errors="0">
  <testcase name="checkValidUser" time="25.536" classname="pomPageFactory.TestVerifyLogin"/>
</testsuite> <!-- pomPageFactory.TestVerifyLogin -->
