<?xml version="1.0" encoding="UTF-8"?>
<!-- Generated by org.testng.reporters.JUnitReportReporter -->
<testsuite skipped="0" hostname="LAPTOP-QCINE28I" name="seleniumScripts.MouseHoverDemo" tests="1" failures="0" timestamp="12 Oct 2017 19:40:12 GMT" time="28.388" errors="0">
  <testcase name="actionsMouse" time="28.388" classname="seleniumScripts.MouseHoverDemo"/>
</testsuite> <!-- seleniumScripts.MouseHoverDemo -->
