<?xml version="1.0" encoding="UTF-8"?>
<!-- Generated by org.testng.reporters.JUnitReportReporter -->
<testsuite skipped="0" hostname="LAPTOP-QCINE28I" name="seleniumScripts.MultipleWindows" tests="1" failures="0" timestamp="12 Oct 2017 20:59:13 GMT" time="28.643" errors="0">
  <testcase name="windowHandles" time="28.643" classname="seleniumScripts.MultipleWindows"/>
</testsuite> <!-- seleniumScripts.MultipleWindows -->
