<?xml version="1.0" encoding="UTF-8"?>
<!-- Generated by org.testng.reporters.JUnitReportReporter -->
<testsuite skipped="0" hostname="LAPTOP-QCINE28I" name="databaseTesting.ConnectMySql" tests="1" failures="0" timestamp="14 Oct 2017 21:10:32 GMT" time="1.885" errors="0">
  <testcase name="testDB" time="1.885" classname="databaseTesting.ConnectMySql"/>
</testsuite> <!-- databaseTesting.ConnectMySql -->
