<?xml version="1.0" encoding="UTF-8"?>
<!-- Generated by org.testng.reporters.JUnitReportReporter -->
<testsuite skipped="0" hostname="LAPTOP-QCINE28I" name="pomWOpagefactory.VerifyFbLogin" tests="1" failures="0" timestamp="14 Oct 2017 03:20:45 GMT" time="63.851" errors="0">
  <testcase name="verifyValidLogin" time="63.851" classname="pomWOpagefactory.VerifyFbLogin"/>
</testsuite> <!-- pomWOpagefactory.VerifyFbLogin -->
