<?xml version="1.0" encoding="UTF-8"?>
<!-- Generated by org.testng.reporters.JUnitReportReporter -->
<testsuite skipped="0" hostname="LAPTOP-QCINE28I" name="DataDrivenFrameDemo.OrangeLoginExcel" tests="3" failures="0" timestamp="14 Oct 2017 18:40:17 GMT" time="56.761" errors="0">
  <testcase name="loginOrangeSite" time="14.127" classname="DataDrivenFrameDemo.OrangeLoginExcel"/>
  <testcase name="loginOrangeSite" time="27.855" classname="DataDrivenFrameDemo.OrangeLoginExcel"/>
  <testcase name="loginOrangeSite" time="14.779" classname="DataDrivenFrameDemo.OrangeLoginExcel"/>
</testsuite> <!-- DataDrivenFrameDemo.OrangeLoginExcel -->
