<?xml version="1.0" encoding="UTF-8"?>
<!-- Generated by org.testng.reporters.JUnitReportReporter -->
<testsuite skipped="0" hostname="LAPTOP-QCINE28I" name="seleniumScripts.HiddenElements" tests="1" failures="0" timestamp="12 Oct 2017 20:40:54 GMT" time="26.507" errors="0">
  <testcase name="hiddenElement" time="26.507" classname="seleniumScripts.HiddenElements"/>
</testsuite> <!-- seleniumScripts.HiddenElements -->
