<?xml version="1.0" encoding="UTF-8"?>
<!-- Generated by org.testng.reporters.JUnitReportReporter -->
<testsuite skipped="0" hostname="LAPTOP-QCINE28I" name="seleniumScripts.ScrollJavascript" tests="1" failures="0" timestamp="12 Oct 2017 18:54:27 GMT" time="15.621" errors="0">
  <testcase name="scrollPageDown" time="15.621" classname="seleniumScripts.ScrollJavascript"/>
</testsuite> <!-- seleniumScripts.ScrollJavascript -->
