<?xml version="1.0" encoding="UTF-8"?>
<!-- Generated by org.testng.reporters.JUnitReportReporter -->
<testsuite skipped="0" hostname="LAPTOP-QCINE28I" name="com.orange.login_page.GroupDemoMVN" tests="2" failures="0" timestamp="24 Sep 2017 18:48:40 GMT" time="0.048" errors="0">
  <testcase name="hondaTest" time="0.021" classname="com.orange.login_page.GroupDemoMVN"/>
  <testcase name="mitsubishiTest" time="0.027" classname="com.orange.login_page.GroupDemoMVN"/>
</testsuite> <!-- com.orange.login_page.GroupDemoMVN -->
