<?xml version="1.0" encoding="UTF-8"?>
<!-- Generated by org.testng.reporters.JUnitReportReporter -->
<testsuite skipped="0" hostname="LAPTOP-QCINE28I" name="com.orange.login_page.CredentialsMVN" tests="1" failures="0" timestamp="24 Sep 2017 18:41:30 GMT" time="42.256" errors="0">
  <testcase name="LoginTest" time="42.256" classname="com.orange.login_page.CredentialsMVN"/>
</testsuite> <!-- com.orange.login_page.CredentialsMVN -->
