<?xml version="1.0" encoding="UTF-8"?>
<!-- Generated by org.testng.reporters.JUnitReportReporter -->
<testsuite skipped="0" hostname="LAPTOP-QCINE28I" name="excelGroupID.artifact.ReadExcel" tests="1" failures="0" timestamp="28 Sep 2017 22:43:24 GMT" time="1.462" errors="0">
  <testcase name="test" time="1.462" classname="excelGroupID.artifact.ReadExcel"/>
</testsuite> <!-- excelGroupID.artifact.ReadExcel -->
