<?xml version="1.0" encoding="UTF-8"?>
<!-- Generated by org.testng.reporters.JUnitReportReporter -->
<testsuite skipped="0" hostname="LAPTOP-QCINE28I" name="excelGroupID.artifact.WriteExcel" tests="1" failures="0" timestamp="28 Sep 2017 23:45:49 GMT" time="1.568" errors="0">
  <testcase name="writingExcel" time="1.568" classname="excelGroupID.artifact.WriteExcel"/>
</testsuite> <!-- excelGroupID.artifact.WriteExcel -->
